{"sessionId":"60a1f0","timestamp":1778917728140,"runId":"axis-prefer-v4","hypothesisId":"H2","location":"ShaftVoronoiZonesOnFloorPolyline.AppendZoneOutlinePolylines","message":"snap_params","data":{"insunits":6,"snapThresholdDu":7,"floorRingVerts":9,"zoneRingCount":6}}
{"sessionId":"60a1f0","timestamp":1778917728143,"runId":"axis-prefer-v4","hypothesisId":"H3","location":"ShaftVoronoiZonesOnFloorPolyline.SnapRingToFloorBoundary","message":"seg_summary","data":{"threshold":7,"verts":4,"snappedCount":4,"segTransitionsAmongSnappedAdj":3,"nearMissBetweenThreshAnd3x":0,"alignPick":true}}
{"sessionId":"60a1f0","timestamp":1778917728144,"runId":"axis-prefer-v4","hypothesisId":"H1","location":"ShaftVoronoiZonesOnFloorPolyline.SnapRingToFloorBoundary","message":"vertex","data":{"vi":0,"d":0,"snapped":true,"floorSegEnd":3}}
{"sessionId":"60a1f0","timestamp":1778917728144,"runId":"axis-prefer-v4","hypothesisId":"H1","location":"ShaftVoronoiZonesOnFloorPolyline.SnapRingToFloorBoundary","message":"vertex","data":{"vi":1,"d":0,"snapped":true,"floorSegEnd":4}}
{"sessionId":"60a1f0","timestamp":1778917728145,"runId":"axis-prefer-v4","hypothesisId":"H1","location":"ShaftVoronoiZonesOnFloorPolyline.SnapRingToFloorBoundary","message":"vertex","data":{"vi":2,"d":0,"snapped":true,"floorSegEnd":4}}
{"sessionId":"60a1f0","timestamp":1778917728145,"runId":"axis-prefer-v4","hypothesisId":"H1","location":"ShaftVoronoiZonesOnFloorPolyline.SnapRingToFloorBoundary","message":"vertex","data":{"vi":3,"d":2.103589567472227,"snapped":true,"floorSegEnd":5}}
{"sessionId":"60a1f0","timestamp":1778917728150,"runId":"axis-prefer-v4","hypothesisId":"H5","location":"ShaftVoronoiZonesOnFloorPolyline.RefineZoneRingFollowFloorBoundary","message":"floor_follow","data":{"vertsIn":4,"vertsOut":7,"preferLongSeg":true}}
{"sessionId":"60a1f0","timestamp":1778917728150,"runId":"axis-prefer-v4","hypothesisId":"H7","location":"ShaftVoronoiZonesOnFloorPolyline.RefineZoneRingFollowFloorBoundary","message":"slant_stats","data":{"domSegEnd":3,"domSegCount":3,"domSegScore":244.7543613447485,"pointSnapYMin":552917.7869160229,"pointSnapYMax":552929.4404343695,"floorSegYMin":552917.7869160229,"floorSegYMax":552939.4818488196,"floorSegDx":78.64736091904342,"floorSegDy":-21.69493279675953,"floorSegLen":81.58478711491617}}
{"sessionId":"60a1f0","timestamp":1778918791254,"runId":"axis-prefer-v4","hypothesisId":"H2","location":"ShaftVoronoiZonesOnFloorPolyline.AppendZoneOutlinePolylines","message":"snap_params","data":{"insunits":6,"snapThresholdDu":7,"floorRingVerts":9,"zoneRingCount":6}}
{"sessionId":"60a1f0","timestamp":1778918791256,"runId":"axis-prefer-v4","hypothesisId":"H3","location":"ShaftVoronoiZonesOnFloorPolyline.SnapRingToFloorBoundary","message":"seg_summary","data":{"threshold":7,"verts":4,"snappedCount":4,"segTransitionsAmongSnappedAdj":3,"nearMissBetweenThreshAnd3x":0,"alignPick":true}}
{"sessionId":"60a1f0","timestamp":1778918791257,"runId":"axis-prefer-v4","hypothesisId":"H1","location":"ShaftVoronoiZonesOnFloorPolyline.SnapRingToFloorBoundary","message":"vertex","data":{"vi":0,"d":0,"snapped":true,"floorSegEnd":3}}
{"sessionId":"60a1f0","timestamp":1778918791257,"runId":"axis-prefer-v4","hypothesisId":"H1","location":"ShaftVoronoiZonesOnFloorPolyline.SnapRingToFloorBoundary","message":"vertex","data":{"vi":1,"d":0,"snapped":true,"floorSegEnd":4}}
{"sessionId":"60a1f0","timestamp":1778918791258,"runId":"axis-prefer-v4","hypothesisId":"H1","location":"ShaftVoronoiZonesOnFloorPolyline.SnapRingToFloorBoundary","message":"vertex","data":{"vi":2,"d":0,"snapped":true,"floorSegEnd":4}}
{"sessionId":"60a1f0","timestamp":1778918791258,"runId":"axis-prefer-v4","hypothesisId":"H1","location":"ShaftVoronoiZonesOnFloorPolyline.SnapRingToFloorBoundary","message":"vertex","data":{"vi":3,"d":2.103589567472227,"snapped":true,"floorSegEnd":5}}
{"sessionId":"60a1f0","timestamp":1778918791263,"runId":"axis-prefer-v4","hypothesisId":"H5","location":"ShaftVoronoiZonesOnFloorPolyline.RefineZoneRingFollowFloorBoundary","message":"floor_follow","data":{"vertsIn":4,"vertsOut":7,"preferLongSeg":true}}
{"sessionId":"60a1f0","timestamp":1778918791264,"runId":"axis-prefer-v4","hypothesisId":"H7","location":"ShaftVoronoiZonesOnFloorPolyline.RefineZoneRingFollowFloorBoundary","message":"slant_stats","data":{"domSegEnd":3,"domSegCount":3,"domSegScore":244.7543613447485,"pointSnapYMin":552917.7869160229,"pointSnapYMax":552929.4404343695,"floorSegYMin":552917.7869160229,"floorSegYMax":552939.4818488196,"floorSegDx":78.64736091904342,"floorSegDy":-21.69493279675953,"floorSegLen":81.58478711491617}}
{"sessionId":"60a1f0","timestamp":1778918809745,"runId":"axis-prefer-v4","hypothesisId":"H2","location":"ShaftVoronoiZonesOnFloorPolyline.AppendZoneOutlinePolylines","message":"snap_params","data":{"insunits":6,"snapThresholdDu":7,"floorRingVerts":5,"zoneRingCount":3}}
{"sessionId":"60a1f0","timestamp":1778918809746,"runId":"axis-prefer-v4","hypothesisId":"H3","location":"ShaftVoronoiZonesOnFloorPolyline.SnapRingToFloorBoundary","message":"seg_summary","data":{"threshold":7,"verts":5,"snappedCount":4,"segTransitionsAmongSnappedAdj":2,"nearMissBetweenThreshAnd3x":0,"alignPick":true}}
{"sessionId":"60a1f0","timestamp":1778918809746,"runId":"axis-prefer-v4","hypothesisId":"H1","location":"ShaftVoronoiZonesOnFloorPolyline.SnapRingToFloorBoundary","message":"vertex","data":{"vi":0,"d":0,"snapped":true,"floorSegEnd":2}}
{"sessionId":"60a1f0","timestamp":1778918809747,"runId":"axis-prefer-v4","hypothesisId":"H1","location":"ShaftVoronoiZonesOnFloorPolyline.SnapRingToFloorBoundary","message":"vertex","data":{"vi":1,"d":0,"snapped":true,"floorSegEnd":2}}
{"sessionId":"60a1f0","timestamp":1778918809747,"runId":"axis-prefer-v4","hypothesisId":"H1","location":"ShaftVoronoiZonesOnFloorPolyline.SnapRingToFloorBoundary","message":"vertex","data":{"vi":2,"d":0,"snapped":true,"floorSegEnd":3}}
{"sessionId":"60a1f0","timestamp":1778918809748,"runId":"axis-prefer-v4","hypothesisId":"H1","location":"ShaftVoronoiZonesOnFloorPolyline.SnapRingToFloorBoundary","message":"vertex","data":{"vi":3,"d":0,"snapped":true,"floorSegEnd":4}}
{"sessionId":"60a1f0","timestamp":1778918809748,"runId":"axis-prefer-v4","hypothesisId":"H1","location":"ShaftVoronoiZonesOnFloorPolyline.SnapRingToFloorBoundary","message":"vertex","data":{"vi":4,"d":23.940715618510474,"snapped":false,"floorSegEnd":-1}}
{"sessionId":"60a1f0","timestamp":1778918809748,"runId":"axis-prefer-v4","hypothesisId":"H5","location":"ShaftVoronoiZonesOnFloorPolyline.RefineZoneRingFollowFloorBoundary","message":"floor_follow","data":{"vertsIn":5,"vertsOut":5,"preferLongSeg":true}}
{"sessionId":"60a1f0","timestamp":1778918809749,"runId":"axis-prefer-v4","hypothesisId":"H7","location":"ShaftVoronoiZonesOnFloorPolyline.RefineZoneRingFollowFloorBoundary","message":"slant_stats","data":{"domSegEnd":2,"domSegCount":2,"domSegScore":253.66443122758656,"pointSnapYMin":552939.2938567641,"pointSnapYMax":552939.7437115466,"floorSegYMin":552938.8440019815,"floorSegYMax":552939.7437115466,"floorSegDx":126.82902443921193,"floorSegDy":0.8997095650993288,"floorSegLen":126.83221561379328}}
{"sessionId":"60a1f0","timestamp":1778919231276,"runId":"axis-prefer-v4","hypothesisId":"H2","location":"ShaftVoronoiZonesOnFloorPolyline.AppendZoneOutlinePolylines","message":"snap_params","data":{"insunits":6,"snapThresholdDu":7,"floorRingVerts":9,"zoneRingCount":6}}
{"sessionId":"60a1f0","timestamp":1778919231279,"runId":"axis-prefer-v4","hypothesisId":"H3","location":"ShaftVoronoiZonesOnFloorPolyline.SnapRingToFloorBoundary","message":"seg_summary","data":{"threshold":7,"verts":4,"snappedCount":4,"segTransitionsAmongSnappedAdj":3,"nearMissBetweenThreshAnd3x":0,"alignPick":true}}
{"sessionId":"60a1f0","timestamp":1778919231279,"runId":"axis-prefer-v4","hypothesisId":"H1","location":"ShaftVoronoiZonesOnFloorPolyline.SnapRingToFloorBoundary","message":"vertex","data":{"vi":0,"d":0,"snapped":true,"floorSegEnd":3}}
{"sessionId":"60a1f0","timestamp":1778919231280,"runId":"axis-prefer-v4","hypothesisId":"H1","location":"ShaftVoronoiZonesOnFloorPolyline.SnapRingToFloorBoundary","message":"vertex","data":{"vi":1,"d":0,"snapped":true,"floorSegEnd":4}}
{"sessionId":"60a1f0","timestamp":1778919231280,"runId":"axis-prefer-v4","hypothesisId":"H1","location":"ShaftVoronoiZonesOnFloorPolyline.SnapRingToFloorBoundary","message":"vertex","data":{"vi":2,"d":0,"snapped":true,"floorSegEnd":4}}
{"sessionId":"60a1f0","timestamp":1778919231281,"runId":"axis-prefer-v4","hypothesisId":"H1","location":"ShaftVoronoiZonesOnFloorPolyline.SnapRingToFloorBoundary","message":"vertex","data":{"vi":3,"d":2.103589567472227,"snapped":true,"floorSegEnd":5}}
{"sessionId":"60a1f0","timestamp":1778919231286,"runId":"axis-prefer-v4","hypothesisId":"H5","location":"ShaftVoronoiZonesOnFloorPolyline.RefineZoneRingFollowFloorBoundary","message":"floor_follow","data":{"vertsIn":4,"vertsOut":7,"preferLongSeg":true}}
{"sessionId":"60a1f0","timestamp":1778919231286,"runId":"axis-prefer-v4","hypothesisId":"H7","location":"ShaftVoronoiZonesOnFloorPolyline.RefineZoneRingFollowFloorBoundary","message":"slant_stats","data":{"domSegEnd":3,"domSegCount":3,"domSegScore":244.7543613447485,"pointSnapYMin":552917.7869160229,"pointSnapYMax":552929.4404343695,"floorSegYMin":552917.7869160229,"floorSegYMax":552939.4818488196,"floorSegDx":78.64736091904342,"floorSegDy":-21.69493279675953,"floorSegLen":81.58478711491617}}
{"sessionId":"60a1f0","timestamp":1778919436040,"runId":"axis-prefer-v4","hypothesisId":"H2","location":"ShaftVoronoiZonesOnFloorPolyline.AppendZoneOutlinePolylines","message":"snap_params","data":{"insunits":6,"snapThresholdDu":7,"floorRingVerts":6,"zoneRingCount":7}}
{"sessionId":"60a1f0","timestamp":1778919436041,"runId":"axis-prefer-v4","hypothesisId":"H3","location":"ShaftVoronoiZonesOnFloorPolyline.SnapRingToFloorBoundary","message":"seg_summary","data":{"threshold":7,"verts":3,"snappedCount":3,"segTransitionsAmongSnappedAdj":2,"nearMissBetweenThreshAnd3x":0,"alignPick":true}}
{"sessionId":"60a1f0","timestamp":1778919436041,"runId":"axis-prefer-v4","hypothesisId":"H1","location":"ShaftVoronoiZonesOnFloorPolyline.SnapRingToFloorBoundary","message":"vertex","data":{"vi":0,"d":0,"snapped":true,"floorSegEnd":1}}
{"sessionId":"60a1f0","timestamp":1778919436042,"runId":"axis-prefer-v4","hypothesisId":"H1","location":"ShaftVoronoiZonesOnFloorPolyline.SnapRingToFloorBoundary","message":"vertex","data":{"vi":1,"d":0,"snapped":true,"floorSegEnd":2}}
{"sessionId":"60a1f0","timestamp":1778919436042,"runId":"axis-prefer-v4","hypothesisId":"H1","location":"ShaftVoronoiZonesOnFloorPolyline.SnapRingToFloorBoundary","message":"vertex","data":{"vi":2,"d":0,"snapped":true,"floorSegEnd":2}}
{"sessionId":"60a1f0","timestamp":1778919436043,"runId":"axis-prefer-v4","hypothesisId":"H5","location":"ShaftVoronoiZonesOnFloorPolyline.RefineZoneRingFollowFloorBoundary","message":"floor_follow","data":{"vertsIn":3,"vertsOut":4,"preferLongSeg":true}}
{"sessionId":"60a1f0","timestamp":1778919436043,"runId":"axis-prefer-v4","hypothesisId":"H7","location":"ShaftVoronoiZonesOnFloorPolyline.RefineZoneRingFollowFloorBoundary","message":"slant_stats","data":{"domSegEnd":1,"domSegCount":3,"domSegScore":523.5,"pointSnapYMin":553079.6135253906,"pointSnapYMax":553133.5,"floorSegYMin":552959,"floorSegYMax":553133.5,"floorSegDx":0,"floorSegDy":174.5,"floorSegLen":174.5}}
{"sessionId":"60a1f0","timestamp":1778919462797,"runId":"axis-prefer-v4","hypothesisId":"H2","location":"ShaftVoronoiZonesOnFloorPolyline.AppendZoneOutlinePolylines","message":"snap_params","data":{"insunits":6,"snapThresholdDu":7,"floorRingVerts":6,"zoneRingCount":7}}
{"sessionId":"60a1f0","timestamp":1778919462798,"runId":"axis-prefer-v4","hypothesisId":"H3","location":"ShaftVoronoiZonesOnFloorPolyline.SnapRingToFloorBoundary","message":"seg_summary","data":{"threshold":7,"verts":3,"snappedCount":3,"segTransitionsAmongSnappedAdj":2,"nearMissBetweenThreshAnd3x":0,"alignPick":true}}
{"sessionId":"60a1f0","timestamp":1778919462798,"runId":"axis-prefer-v4","hypothesisId":"H1","location":"ShaftVoronoiZonesOnFloorPolyline.SnapRingToFloorBoundary","message":"vertex","data":{"vi":0,"d":0,"snapped":true,"floorSegEnd":1}}
{"sessionId":"60a1f0","timestamp":1778919462799,"runId":"axis-prefer-v4","hypothesisId":"H1","location":"ShaftVoronoiZonesOnFloorPolyline.SnapRingToFloorBoundary","message":"vertex","data":{"vi":1,"d":0,"snapped":true,"floorSegEnd":2}}
{"sessionId":"60a1f0","timestamp":1778919462799,"runId":"axis-prefer-v4","hypothesisId":"H1","location":"ShaftVoronoiZonesOnFloorPolyline.SnapRingToFloorBoundary","message":"vertex","data":{"vi":2,"d":0,"snapped":true,"floorSegEnd":2}}
{"sessionId":"60a1f0","timestamp":1778919462800,"runId":"axis-prefer-v4","hypothesisId":"H5","location":"ShaftVoronoiZonesOnFloorPolyline.RefineZoneRingFollowFloorBoundary","message":"floor_follow","data":{"vertsIn":3,"vertsOut":4,"preferLongSeg":true}}
{"sessionId":"60a1f0","timestamp":1778919462800,"runId":"axis-prefer-v4","hypothesisId":"H7","location":"ShaftVoronoiZonesOnFloorPolyline.RefineZoneRingFollowFloorBoundary","message":"slant_stats","data":{"domSegEnd":1,"domSegCount":3,"domSegScore":523.5,"pointSnapYMin":553079.6135253906,"pointSnapYMax":553133.5,"floorSegYMin":552959,"floorSegYMax":553133.5,"floorSegDx":0,"floorSegDy":174.5,"floorSegLen":174.5}}
{"sessionId":"60a1f0","timestamp":1778919519240,"runId":"axis-prefer-v4","hypothesisId":"H2","location":"ShaftVoronoiZonesOnFloorPolyline.AppendZoneOutlinePolylines","message":"snap_params","data":{"insunits":6,"snapThresholdDu":7,"floorRingVerts":6,"zoneRingCount":7}}
{"sessionId":"60a1f0","timestamp":1778919519241,"runId":"axis-prefer-v4","hypothesisId":"H3","location":"ShaftVoronoiZonesOnFloorPolyline.SnapRingToFloorBoundary","message":"seg_summary","data":{"threshold":7,"verts":3,"snappedCount":3,"segTransitionsAmongSnappedAdj":2,"nearMissBetweenThreshAnd3x":0,"alignPick":true}}
{"sessionId":"60a1f0","timestamp":1778919519241,"runId":"axis-prefer-v4","hypothesisId":"H1","location":"ShaftVoronoiZonesOnFloorPolyline.SnapRingToFloorBoundary","message":"vertex","data":{"vi":0,"d":0,"snapped":true,"floorSegEnd":1}}
{"sessionId":"60a1f0","timestamp":1778919519242,"runId":"axis-prefer-v4","hypothesisId":"H1","location":"ShaftVoronoiZonesOnFloorPolyline.SnapRingToFloorBoundary","message":"vertex","data":{"vi":1,"d":0,"snapped":true,"floorSegEnd":2}}
{"sessionId":"60a1f0","timestamp":1778919519242,"runId":"axis-prefer-v4","hypothesisId":"H1","location":"ShaftVoronoiZonesOnFloorPolyline.SnapRingToFloorBoundary","message":"vertex","data":{"vi":2,"d":0,"snapped":true,"floorSegEnd":2}}
{"sessionId":"60a1f0","timestamp":1778919519242,"runId":"axis-prefer-v4","hypothesisId":"H5","location":"ShaftVoronoiZonesOnFloorPolyline.RefineZoneRingFollowFloorBoundary","message":"floor_follow","data":{"vertsIn":3,"vertsOut":4,"preferLongSeg":true}}
{"sessionId":"60a1f0","timestamp":1778919519243,"runId":"axis-prefer-v4","hypothesisId":"H7","location":"ShaftVoronoiZonesOnFloorPolyline.RefineZoneRingFollowFloorBoundary","message":"slant_stats","data":{"domSegEnd":1,"domSegCount":3,"domSegScore":523.5,"pointSnapYMin":553079.6135253906,"pointSnapYMax":553133.5,"floorSegYMin":552959,"floorSegYMax":553133.5,"floorSegDx":0,"floorSegDy":174.5,"floorSegLen":174.5}}
{"sessionId":"60a1f0","timestamp":1778919957174,"runId":"axis-prefer-v4","hypothesisId":"H2","location":"ShaftVoronoiZonesOnFloorPolyline.AppendZoneOutlinePolylines","message":"snap_params","data":{"insunits":6,"snapThresholdDu":7,"floorRingVerts":5,"zoneRingCount":3}}
{"sessionId":"60a1f0","timestamp":1778919957177,"runId":"axis-prefer-v4","hypothesisId":"H3","location":"ShaftVoronoiZonesOnFloorPolyline.SnapRingToFloorBoundary","message":"seg_summary","data":{"threshold":7,"verts":5,"snappedCount":4,"segTransitionsAmongSnappedAdj":2,"nearMissBetweenThreshAnd3x":0,"alignPick":true}}
{"sessionId":"60a1f0","timestamp":1778919957177,"runId":"axis-prefer-v4","hypothesisId":"H1","location":"ShaftVoronoiZonesOnFloorPolyline.SnapRingToFloorBoundary","message":"vertex","data":{"vi":0,"d":0,"snapped":true,"floorSegEnd":2}}
{"sessionId":"60a1f0","timestamp":1778919957178,"runId":"axis-prefer-v4","hypothesisId":"H1","location":"ShaftVoronoiZonesOnFloorPolyline.SnapRingToFloorBoundary","message":"vertex","data":{"vi":1,"d":0,"snapped":true,"floorSegEnd":2}}
{"sessionId":"60a1f0","timestamp":1778919957178,"runId":"axis-prefer-v4","hypothesisId":"H1","location":"ShaftVoronoiZonesOnFloorPolyline.SnapRingToFloorBoundary","message":"vertex","data":{"vi":2,"d":0,"snapped":true,"floorSegEnd":3}}
{"sessionId":"60a1f0","timestamp":1778919957179,"runId":"axis-prefer-v4","hypothesisId":"H1","location":"ShaftVoronoiZonesOnFloorPolyline.SnapRingToFloorBoundary","message":"vertex","data":{"vi":3,"d":0,"snapped":true,"floorSegEnd":4}}
{"sessionId":"60a1f0","timestamp":1778919957179,"runId":"axis-prefer-v4","hypothesisId":"H1","location":"ShaftVoronoiZonesOnFloorPolyline.SnapRingToFloorBoundary","message":"vertex","data":{"vi":4,"d":23.940715618510474,"snapped":false,"floorSegEnd":-1}}
{"sessionId":"60a1f0","timestamp":1778919957182,"runId":"axis-prefer-v4","hypothesisId":"H5","location":"ShaftVoronoiZonesOnFloorPolyline.RefineZoneRingFollowFloorBoundary","message":"floor_follow","data":{"vertsIn":5,"vertsOut":5,"nearestSeg":true}}
{"sessionId":"60a1f0","timestamp":1778931349688,"runId":"axis-prefer-v4","hypothesisId":"H2","location":"ShaftVoronoiZonesOnFloorPolyline.AppendZoneOutlinePolylines","message":"snap_params","data":{"insunits":6,"snapThresholdDu":7,"floorRingVerts":5,"zoneRingCount":3}}
{"sessionId":"60a1f0","timestamp":1778931349691,"runId":"axis-prefer-v4","hypothesisId":"H3","location":"ShaftVoronoiZonesOnFloorPolyline.SnapRingToFloorBoundary","message":"seg_summary","data":{"threshold":7,"verts":5,"snappedCount":4,"segTransitionsAmongSnappedAdj":2,"nearMissBetweenThreshAnd3x":0,"alignPick":true}}
{"sessionId":"60a1f0","timestamp":1778931349691,"runId":"axis-prefer-v4","hypothesisId":"H1","location":"ShaftVoronoiZonesOnFloorPolyline.SnapRingToFloorBoundary","message":"vertex","data":{"vi":0,"d":0,"snapped":true,"floorSegEnd":2}}
{"sessionId":"60a1f0","timestamp":1778931349692,"runId":"axis-prefer-v4","hypothesisId":"H1","location":"ShaftVoronoiZonesOnFloorPolyline.SnapRingToFloorBoundary","message":"vertex","data":{"vi":1,"d":0,"snapped":true,"floorSegEnd":2}}
{"sessionId":"60a1f0","timestamp":1778931349692,"runId":"axis-prefer-v4","hypothesisId":"H1","location":"ShaftVoronoiZonesOnFloorPolyline.SnapRingToFloorBoundary","message":"vertex","data":{"vi":2,"d":0,"snapped":true,"floorSegEnd":3}}
{"sessionId":"60a1f0","timestamp":1778931349692,"runId":"axis-prefer-v4","hypothesisId":"H1","location":"ShaftVoronoiZonesOnFloorPolyline.SnapRingToFloorBoundary","message":"vertex","data":{"vi":3,"d":0,"snapped":true,"floorSegEnd":4}}
{"sessionId":"60a1f0","timestamp":1778931349693,"runId":"axis-prefer-v4","hypothesisId":"H1","location":"ShaftVoronoiZonesOnFloorPolyline.SnapRingToFloorBoundary","message":"vertex","data":{"vi":4,"d":23.940715618510474,"snapped":false,"floorSegEnd":-1}}
{"sessionId":"60a1f0","timestamp":1778931349696,"runId":"axis-prefer-v4","hypothesisId":"H5","location":"ShaftVoronoiZonesOnFloorPolyline.RefineZoneRingFollowFloorBoundary","message":"floor_follow","data":{"vertsIn":5,"vertsOut":5,"nearestSeg":true}}
{"sessionId":"60a1f0","timestamp":1778931438347,"runId":"axis-prefer-v4","hypothesisId":"H2","location":"ShaftVoronoiZonesOnFloorPolyline.AppendZoneOutlinePolylines","message":"snap_params","data":{"insunits":6,"snapThresholdDu":7,"floorRingVerts":4,"zoneRingCount":4}}
{"sessionId":"60a1f0","timestamp":1778931438347,"runId":"axis-prefer-v4","hypothesisId":"H3","location":"ShaftVoronoiZonesOnFloorPolyline.SnapRingToFloorBoundary","message":"seg_summary","data":{"threshold":7,"verts":4,"snappedCount":3,"segTransitionsAmongSnappedAdj":1,"nearMissBetweenThreshAnd3x":0,"alignPick":true}}
{"sessionId":"60a1f0","timestamp":1778931438348,"runId":"axis-prefer-v4","hypothesisId":"H1","location":"ShaftVoronoiZonesOnFloorPolyline.SnapRingToFloorBoundary","message":"vertex","data":{"vi":0,"d":0,"snapped":true,"floorSegEnd":2}}
{"sessionId":"60a1f0","timestamp":1778931438348,"runId":"axis-prefer-v4","hypothesisId":"H1","location":"ShaftVoronoiZonesOnFloorPolyline.SnapRingToFloorBoundary","message":"vertex","data":{"vi":1,"d":0,"snapped":true,"floorSegEnd":3}}
{"sessionId":"60a1f0","timestamp":1778931438349,"runId":"axis-prefer-v4","hypothesisId":"H1","location":"ShaftVoronoiZonesOnFloorPolyline.SnapRingToFloorBoundary","message":"vertex","data":{"vi":2,"d":30.014640166779575,"snapped":false,"floorSegEnd":-1}}
{"sessionId":"60a1f0","timestamp":1778931438349,"runId":"axis-prefer-v4","hypothesisId":"H1","location":"ShaftVoronoiZonesOnFloorPolyline.SnapRingToFloorBoundary","message":"vertex","data":{"vi":3,"d":0,"snapped":true,"floorSegEnd":2}}
{"sessionId":"60a1f0","timestamp":1778931438350,"runId":"axis-prefer-v4","hypothesisId":"H5","location":"ShaftVoronoiZonesOnFloorPolyline.RefineZoneRingFollowFloorBoundary","message":"floor_follow","data":{"vertsIn":4,"vertsOut":4,"nearestSeg":true}}
